2025-06-20 14:59:54.002186 |  ๅผ?ๅง??็ป?...
2025-06-20 15:21:55.092118 |  ๅผ?ๅง??็ป?...
2025-06-20 15:50:36.225302 |  ๅผ?ๅง??็ป?...
2025-06-20 16:02:59.436931 |  ๅผ?ๅง??็ป?...
2025-06-20 16:06:56.245106 |  ๅผ?ๅง??็ป?...
2025-06-20 16:10:55.420052 |  ๅผ?ๅง??็ป?...
2025-06-20 16:10:59.146543 | Epoch [1/50], Loss: 16.5907, Accuracy: 1.58%
2025-06-20 16:11:01.017174 | Epoch [2/50], Loss: 16.5287, Accuracy: 1.98%
2025-06-20 16:11:02.894750 | Epoch [3/50], Loss: 16.4914, Accuracy: 2.17%
2025-06-20 16:11:04.781398 | Epoch [4/50], Loss: 16.4793, Accuracy: 1.81%
2025-06-20 16:11:06.657246 | Epoch [5/50], Loss: 16.4704, Accuracy: 1.91%
2025-06-20 16:11:08.539666 | Epoch [6/50], Loss: 16.4679, Accuracy: 1.61%
2025-06-20 16:11:10.418189 | Epoch [7/50], Loss: 16.4683, Accuracy: 1.81%
2025-06-20 16:11:12.301541 | Epoch [8/50], Loss: 16.4661, Accuracy: 1.86%
2025-06-20 16:11:14.173516 | Epoch [9/50], Loss: 16.4596, Accuracy: 2.03%
2025-06-20 16:11:16.045898 | Epoch [10/50], Loss: 16.4595, Accuracy: 1.94%
2025-06-20 16:11:17.925117 | Epoch [11/50], Loss: 16.4575, Accuracy: 2.22%
2025-06-20 16:11:19.796937 | Epoch [12/50], Loss: 16.4558, Accuracy: 1.92%
2025-06-20 16:11:21.668602 | Epoch [13/50], Loss: 16.4582, Accuracy: 1.73%
2025-06-20 16:11:23.544816 | Epoch [14/50], Loss: 16.4554, Accuracy: 2.00%
2025-06-20 16:11:25.432821 | Epoch [15/50], Loss: 16.4541, Accuracy: 2.02%
2025-06-20 16:11:27.313967 | Epoch [16/50], Loss: 16.4530, Accuracy: 2.19%
2025-06-20 16:11:29.173924 | Epoch [17/50], Loss: 16.4536, Accuracy: 2.02%
2025-06-20 16:11:31.046922 | Epoch [18/50], Loss: 16.4521, Accuracy: 2.08%
2025-06-20 16:11:32.911072 | Epoch [19/50], Loss: 16.4532, Accuracy: 2.05%

2025-06-20 16:11:34.827246 | Epoch [20/50], Loss: 16.4507, Accuracy: 2.08%
2025-06-20 16:11:36.716047 | Epoch [21/50], Loss: 16.4492, Accuracy: 2.02%
2025-06-20 16:11:38.590208 | Epoch [22/50], Loss: 16.4348, Accuracy: 2.42%
2025-06-20 16:11:40.465385 | Epoch [23/50], Loss: 16.3509, Accuracy: 3.34%
2025-06-20 16:11:42.364834 | Epoch [24/50], Loss: 15.9320, Accuracy: 4.98%
2025-06-20 16:11:44.264948 | Epoch [25/50], Loss: 15.1100, Accuracy: 8.36%
2025-06-20 16:11:46.135347 | Epoch [26/50], Loss: 14.1670, Accuracy: 11.56%
2025-06-20 16:11:48.021052 | Epoch [27/50], Loss: 13.3256, Accuracy: 15.77%
2025-06-20 16:11:49.888223 | Epoch [28/50], Loss: 12.6107, Accuracy: 19.19%
2025-06-20 16:11:51.808016 | Epoch [29/50], Loss: 11.8898, Accuracy: 23.00%
2025-06-20 16:11:53.690337 | Epoch [30/50], Loss: 11.3225, Accuracy: 25.70%
2025-06-20 16:11:55.544194 | Epoch [31/50], Loss: 10.8000, Accuracy: 28.59%
2025-06-20 16:11:57.407953 | Epoch [32/50], Loss: 10.3009, Accuracy: 31.87%
2025-06-20 16:11:59.271458 | Epoch [33/50], Loss: 9.8702, Accuracy: 34.14%
2025-06-20 16:12:01.150950 | Epoch [34/50], Loss: 9.4126, Accuracy: 36.52%
2025-06-20 16:12:03.029269 | Epoch [35/50], Loss: 9.0742, Accuracy: 38.50%
2025-06-20 16:12:04.896128 | Epoch [36/50], Loss: 8.7242, Accuracy: 40.19%
2025-06-20 16:12:06.773267 | Epoch [37/50], Loss: 8.3990, Accuracy: 42.36%
2025-06-20 16:12:08.687974 | Epoch [38/50], Loss: 8.1064, Accuracy: 43.92%
2025-06-20 16:12:10.575302 | Epoch [39/50], Loss: 7.8294, Accuracy: 45.89%
2025-06-20 16:12:12.436848 | Epoch [40/50], Loss: 7.5299, Accuracy: 47.61%
2025-06-20 16:12:14.299467 | Epoch [41/50], Loss: 7.2784, Accuracy: 49.34%
2025-06-20 16:12:16.165393 | Epoch [42/50], Loss: 7.0523, Accuracy: 51.06%
2025-06-20 16:12:18.030653 | Epoch [43/50], Loss: 6.7899, Accuracy: 52.83%
2025-06-20 16:12:19.916643 | Epoch [44/50], Loss: 6.6062, Accuracy: 53.70%
2025-06-20 16:12:21.795514 | Epoch [45/50], Loss: 6.3900, Accuracy: 55.67%
2025-06-20 16:12:23.660396 | Epoch [46/50], Loss: 6.1982, Accuracy: 56.59%
2025-06-20 16:12:25.519105 | Epoch [47/50], Loss: 5.9712, Accuracy: 57.98%
2025-06-20 16:12:27.419754 | Epoch [48/50], Loss: 5.7783, Accuracy: 59.00%
2025-06-20 16:12:29.282102 | Epoch [49/50], Loss: 5.6465, Accuracy: 60.00%
2025-06-20 16:12:31.132099 | Epoch [50/50], Loss: 5.3864, Accuracy: 62.02%
2025-06-20 16:12:31.161509 | ?? ๆจกๅ?ๅทฒไ?ๅญ?? /home/้ช???????/captcha_model.pth
2025-06-20 16:12:31.396078 | ่ฎ??ๅฎ??๏ผ?
2025-06-20 17:17:12.063040 |  ๅผ?ๅง??็ป?...
2025-06-20 17:20:36.404442 |  ๅผ?ๅง??็ป?...
2025-06-20 17:20:40.356308 | Epoch [1/50], Loss: 16.6020, Accuracy: 1.56%
2025-06-20 17:20:42.258168 | Epoch [2/50], Loss: 16.5264, Accuracy: 2.17%
2025-06-20 17:20:44.171647 | Epoch [3/50], Loss: 16.4914, Accuracy: 2.00%
2025-06-20 17:20:46.072656 | Epoch [4/50], Loss: 16.4792, Accuracy: 2.14%
2025-06-20 17:20:47.950663 | Epoch [5/50], Loss: 16.4711, Accuracy: 1.56%
2025-06-20 17:20:49.845272 | Epoch [6/50], Loss: 16.4669, Accuracy: 2.03%
2025-06-20 17:20:51.747473 | Epoch [7/50], Loss: 16.4631, Accuracy: 2.19%
2025-06-20 17:20:53.642947 | Epoch [8/50], Loss: 16.4636, Accuracy: 2.06%
2025-06-20 17:20:55.531013 | Epoch [9/50], Loss: 16.4624, Accuracy: 2.09%
2025-06-20 17:20:57.412344 | Epoch [10/50], Loss: 16.4620, Accuracy: 2.05%
2025-06-20 17:20:59.312096 | Epoch [11/50], Loss: 16.4594, Accuracy: 2.14%
2025-06-20 17:21:01.211878 | Epoch [12/50], Loss: 16.4575, Accuracy: 1.95%
2025-06-20 17:21:03.116249 | Epoch [13/50], Loss: 16.4554, Accuracy: 2.02%
2025-06-20 17:21:05.018524 | Epoch [14/50], Loss: 16.4560, Accuracy: 2.03%
2025-06-20 17:21:06.934281 | Epoch [15/50], Loss: 16.4529, Accuracy: 1.97%
2025-06-20 17:21:08.849122 | Epoch [16/50], Loss: 16.4577, Accuracy: 1.91%
2025-06-20 17:21:10.736799 | Epoch [17/50], Loss: 16.4544, Accuracy: 2.16%
2025-06-20 17:21:12.649642 | Epoch [18/50], Loss: 16.4538, Accuracy: 2.03%
2025-06-20 17:21:14.632776 | Epoch [19/50], Loss: 16.4512, Accuracy: 2.11%
2025-06-20 17:21:16.524379 | Epoch [20/50], Loss: 16.4574, Accuracy: 2.11%
2025-06-20 17:21:18.439343 | Epoch [21/50], Loss: 16.4504, Accuracy: 2.08%
2025-06-20 17:21:20.323092 | Epoch [22/50], Loss: 16.4514, Accuracy: 2.25%
2025-06-20 17:21:22.211803 | Epoch [23/50], Loss: 16.4493, Accuracy: 2.11%
2025-06-20 17:21:24.100754 | Epoch [24/50], Loss: 16.4467, Accuracy: 2.28%
2025-06-20 17:21:25.986680 | Epoch [25/50], Loss: 16.4420, Accuracy: 2.30%
2025-06-20 17:21:27.875095 | Epoch [26/50], Loss: 16.4126, Accuracy: 2.66%
2025-06-20 17:21:29.765423 | Epoch [27/50], Loss: 16.2906, Accuracy: 3.12%
2025-06-20 17:21:31.648930 | Epoch [28/50], Loss: 16.0828, Accuracy: 3.97%
2025-06-20 17:21:33.549231 | Epoch [29/50], Loss: 15.6671, Accuracy: 5.42%
2025-06-20 17:21:35.465425 | Epoch [30/50], Loss: 15.0553, Accuracy: 8.00%
2025-06-20 17:21:37.368574 | Epoch [31/50], Loss: 14.4722, Accuracy: 10.73%
2025-06-20 17:21:39.272894 | Epoch [32/50], Loss: 13.8999, Accuracy: 12.44%
2025-06-20 17:21:41.186241 | Epoch [33/50], Loss: 13.3915, Accuracy: 15.00%
2025-06-20 17:21:43.088174 | Epoch [34/50], Loss: 12.9116, Accuracy: 17.20%
2025-06-20 17:21:44.974555 | Epoch [35/50], Loss: 12.4747, Accuracy: 19.33%
2025-06-20 17:21:46.884767 | Epoch [36/50], Loss: 12.0733, Accuracy: 21.11%
2025-06-20 17:21:48.774623 | Epoch [37/50], Loss: 11.7155, Accuracy: 22.77%
2025-06-20 17:21:50.661271 | Epoch [38/50], Loss: 11.3626, Accuracy: 24.98%
2025-06-20 17:21:52.548651 | Epoch [39/50], Loss: 11.0845, Accuracy: 26.34%
2025-06-20 17:21:54.446317 | Epoch [40/50], Loss: 10.7840, Accuracy: 27.77%
2025-06-20 17:21:56.317598 | Epoch [41/50], Loss: 10.5282, Accuracy: 29.23%
2025-06-20 17:21:58.224140 | Epoch [42/50], Loss: 10.2506, Accuracy: 30.59%
2025-06-20 17:22:00.098013 | Epoch [43/50], Loss: 10.0294, Accuracy: 32.02%
2025-06-20 17:22:01.985357 | Epoch [44/50], Loss: 9.8461, Accuracy: 32.77%
2025-06-20 17:22:03.894313 | Epoch [45/50], Loss: 9.6547, Accuracy: 33.80%
2025-06-20 17:22:05.797378 | Epoch [46/50], Loss: 9.4012, Accuracy: 36.22%
2025-06-20 17:22:07.684919 | Epoch [47/50], Loss: 9.2430, Accuracy: 36.03%
2025-06-20 17:22:09.576546 | Epoch [48/50], Loss: 9.0410, Accuracy: 37.14%
2025-06-20 17:22:11.452382 | Epoch [49/50], Loss: 8.9048, Accuracy: 38.22%
2025-06-20 17:22:13.350809 | Epoch [50/50], Loss: 8.7757, Accuracy: 38.77%
2025-06-20 17:22:13.409143 | ?? ๆจกๅ?ๅทฒไ?ๅญ?? /home/้ช???????/captcha_model.pth
2025-06-20 17:22:13.686282 | ่ฎ??ๅฎ??๏ผ?
2025-06-25 22:54:20.253125 |  ฟชสผัตมท...
2025-06-25 22:54:20.628228 | Epoch [1/50], Loss: 15.6875, Accuracy: 4.59%
2025-06-25 22:54:20.844498 | Epoch [2/50], Loss: 13.8149, Accuracy: 6.00%
2025-06-25 22:54:21.063335 | Epoch [3/50], Loss: 13.4427, Accuracy: 6.31%
2025-06-25 22:54:21.284817 | Epoch [4/50], Loss: 13.1714, Accuracy: 7.72%
2025-06-25 22:54:21.524377 | Epoch [5/50], Loss: 13.0773, Accuracy: 10.38%
2025-06-25 22:54:21.750078 | Epoch [6/50], Loss: 12.8173, Accuracy: 12.50%
2025-06-25 22:54:21.980432 | Epoch [7/50], Loss: 12.4839, Accuracy: 15.97%
2025-06-25 22:54:22.200653 | Epoch [8/50], Loss: 11.6992, Accuracy: 22.72%
2025-06-25 22:54:22.417975 | Epoch [9/50], Loss: 11.0804, Accuracy: 24.22%
2025-06-25 22:54:22.632513 | Epoch [10/50], Loss: 10.2964, Accuracy: 30.75%
2025-06-25 22:54:22.852739 | Epoch [11/50], Loss: 9.7218, Accuracy: 35.94%
2025-06-25 22:54:23.072161 | Epoch [12/50], Loss: 8.1924, Accuracy: 42.19%
2025-06-25 22:54:23.306168 | Epoch [13/50], Loss: 7.8390, Accuracy: 41.94%
2025-06-25 22:54:23.531237 | Epoch [14/50], Loss: 6.6956, Accuracy: 48.72%
2025-06-25 22:54:23.751374 | Epoch [15/50], Loss: 5.5719, Accuracy: 58.84%
2025-06-25 22:54:23.967094 | Epoch [16/50], Loss: 5.7738, Accuracy: 53.03%
2025-06-25 22:54:24.203837 | Epoch [17/50], Loss: 4.4729, Accuracy: 62.22%
2025-06-25 22:54:24.429644 | Epoch [18/50], Loss: 4.1341, Accuracy: 63.78%
2025-06-25 22:54:24.669622 | Epoch [19/50], Loss: 3.7479, Accuracy: 67.59%
2025-06-25 22:54:24.913869 | Epoch [20/50], Loss: 3.1186, Accuracy: 76.03%
2025-06-25 22:54:25.153415 | Epoch [21/50], Loss: 3.2863, Accuracy: 73.34%
2025-06-25 22:54:25.369010 | Epoch [22/50], Loss: 2.7692, Accuracy: 79.09%
2025-06-25 22:54:25.589118 | Epoch [23/50], Loss: 2.3751, Accuracy: 79.06%
2025-06-25 22:54:25.817513 | Epoch [24/50], Loss: 2.2211, Accuracy: 80.03%
2025-06-25 22:54:26.039472 | Epoch [25/50], Loss: 2.0863, Accuracy: 83.06%
2025-06-25 22:54:26.265410 | Epoch [26/50], Loss: 2.2444, Accuracy: 80.62%
2025-06-25 22:54:26.481083 | Epoch [27/50], Loss: 2.3261, Accuracy: 80.78%
2025-06-25 22:54:26.699989 | Epoch [28/50], Loss: 2.1836, Accuracy: 79.91%
2025-06-25 22:54:26.917252 | Epoch [29/50], Loss: 1.8347, Accuracy: 84.00%
2025-06-25 22:54:27.150746 | Epoch [30/50], Loss: 2.1706, Accuracy: 78.31%
2025-06-25 22:54:27.369065 | Epoch [31/50], Loss: 1.6397, Accuracy: 85.66%
2025-06-25 22:54:27.584117 | Epoch [32/50], Loss: 1.8102, Accuracy: 84.34%
2025-06-25 22:54:27.802668 | Epoch [33/50], Loss: 1.6560, Accuracy: 85.72%
2025-06-25 22:54:28.033006 | Epoch [34/50], Loss: 1.5321, Accuracy: 85.59%
2025-06-25 22:54:28.260147 | Epoch [35/50], Loss: 1.7600, Accuracy: 84.38%
2025-06-25 22:54:28.494119 | Epoch [36/50], Loss: 1.6293, Accuracy: 84.75%
2025-06-25 22:54:28.707991 | Epoch [37/50], Loss: 1.8049, Accuracy: 83.75%
2025-06-25 22:54:28.928310 | Epoch [38/50], Loss: 1.4373, Accuracy: 87.19%
2025-06-25 22:54:29.146635 | Epoch [39/50], Loss: 1.5263, Accuracy: 86.28%
2025-06-25 22:54:29.369756 | Epoch [40/50], Loss: 1.6175, Accuracy: 83.00%
2025-06-25 22:54:29.598280 | Epoch [41/50], Loss: 1.2180, Accuracy: 89.53%
2025-06-25 22:54:29.828787 | Epoch [42/50], Loss: 1.2036, Accuracy: 88.06%
2025-06-25 22:54:30.045310 | Epoch [43/50], Loss: 1.6179, Accuracy: 83.47%
2025-06-25 22:54:30.269561 | Epoch [44/50], Loss: 1.2145, Accuracy: 88.38%
2025-06-25 22:54:30.505263 | Epoch [45/50], Loss: 1.8706, Accuracy: 84.69%
2025-06-25 22:54:30.726084 | Epoch [46/50], Loss: 1.4704, Accuracy: 85.38%
2025-06-25 22:54:30.944107 | Epoch [47/50], Loss: 1.5077, Accuracy: 85.75%
2025-06-25 22:54:31.159235 | Epoch [48/50], Loss: 1.4651, Accuracy: 83.84%
2025-06-25 22:54:31.377064 | Epoch [49/50], Loss: 1.3060, Accuracy: 87.16%
2025-06-25 22:54:31.590420 | Epoch [50/50], Loss: 1.1141, Accuracy: 88.84%
2025-06-25 22:55:56.535713 |  ๅผ?ๅง??็ป?...
2025-06-25 22:55:56.835014 | Epoch [1/50], Loss: 15.6074, Accuracy: 2.34%
2025-06-25 22:55:57.054097 | Epoch [2/50], Loss: 13.9294, Accuracy: 6.94%
2025-06-25 22:55:57.271521 | Epoch [3/50], Loss: 13.5448, Accuracy: 5.47%
2025-06-25 22:55:57.489539 | Epoch [4/50], Loss: 13.2189, Accuracy: 7.62%
2025-06-25 22:55:57.720310 | Epoch [5/50], Loss: 13.1951, Accuracy: 6.72%
2025-06-25 22:55:57.936005 | Epoch [6/50], Loss: 12.8500, Accuracy: 12.22%
2025-06-25 22:55:58.153977 | Epoch [7/50], Loss: 12.8214, Accuracy: 10.06%
2025-06-25 22:55:58.379948 | Epoch [8/50], Loss: 12.2438, Accuracy: 16.50%
2025-06-25 22:55:58.608670 | Epoch [9/50], Loss: 11.9276, Accuracy: 18.78%
2025-06-25 22:55:58.836025 | Epoch [10/50], Loss: 10.8528, Accuracy: 27.44%
2025-06-25 22:55:59.060690 | Epoch [11/50], Loss: 9.9229, Accuracy: 33.69%
2025-06-25 22:55:59.286528 | Epoch [12/50], Loss: 9.2794, Accuracy: 37.53%
2025-06-25 22:55:59.506271 | Epoch [13/50], Loss: 8.2474, Accuracy: 39.06%
2025-06-25 22:55:59.729591 | Epoch [14/50], Loss: 6.8687, Accuracy: 53.78%
2025-06-25 22:55:59.953371 | Epoch [15/50], Loss: 6.2731, Accuracy: 55.38%
2025-06-25 22:56:00.185052 | Epoch [16/50], Loss: 5.6636, Accuracy: 56.12%
2025-06-25 22:56:00.402208 | Epoch [17/50], Loss: 5.7651, Accuracy: 53.69%
2025-06-25 22:56:00.642451 | Epoch [18/50], Loss: 4.8127, Accuracy: 61.03%
2025-06-25 22:56:00.876688 | Epoch [19/50], Loss: 4.2992, Accuracy: 65.44%
2025-06-25 22:56:01.089979 | Epoch [20/50], Loss: 4.0661, Accuracy: 65.69%
2025-06-25 22:56:01.306460 | Epoch [21/50], Loss: 3.6805, Accuracy: 66.12%
2025-06-25 22:56:01.540295 | Epoch [22/50], Loss: 3.7523, Accuracy: 67.97%
2025-06-25 22:56:01.765213 | Epoch [23/50], Loss: 2.9471, Accuracy: 76.00%
2025-06-25 22:56:01.983462 | Epoch [24/50], Loss: 2.8933, Accuracy: 75.25%
2025-06-25 22:56:02.207728 | Epoch [25/50], Loss: 2.8258, Accuracy: 75.19%
2025-06-25 22:56:02.420639 | Epoch [26/50], Loss: 2.3734, Accuracy: 80.59%
2025-06-25 22:56:02.643136 | Epoch [27/50], Loss: 2.0535, Accuracy: 82.28%
2025-06-25 22:56:02.860838 | Epoch [28/50], Loss: 1.9712, Accuracy: 83.00%
2025-06-25 22:56:03.104451 | Epoch [29/50], Loss: 1.6736, Accuracy: 86.09%
2025-06-25 22:56:03.318839 | Epoch [30/50], Loss: 2.1912, Accuracy: 79.88%
2025-06-25 22:56:03.535923 | Epoch [31/50], Loss: 2.1454, Accuracy: 81.09%
2025-06-25 22:56:03.756826 | Epoch [32/50], Loss: 2.7745, Accuracy: 72.81%
2025-06-25 22:56:03.982808 | Epoch [33/50], Loss: 2.0043, Accuracy: 82.25%
2025-06-25 22:56:04.196088 | Epoch [34/50], Loss: 1.9969, Accuracy: 82.62%
2025-06-25 22:56:04.428050 | Epoch [35/50], Loss: 1.7710, Accuracy: 83.47%
2025-06-25 22:56:04.653812 | Epoch [36/50], Loss: 1.8948, Accuracy: 83.34%
2025-06-25 22:56:04.866762 | Epoch [37/50], Loss: 1.4348, Accuracy: 87.81%
2025-06-25 22:56:05.090619 | Epoch [38/50], Loss: 1.4502, Accuracy: 84.72%
2025-06-25 22:56:05.312703 | Epoch [39/50], Loss: 1.5537, Accuracy: 83.75%
2025-06-25 22:56:05.539512 | Epoch [40/50], Loss: 1.2848, Accuracy: 87.75%
2025-06-25 22:56:05.752283 | Epoch [41/50], Loss: 1.8108, Accuracy: 81.22%
2025-06-25 22:56:05.977464 | Epoch [42/50], Loss: 1.0986, Accuracy: 89.22%
2025-06-25 22:56:06.209590 | Epoch [43/50], Loss: 1.3248, Accuracy: 85.28%
2025-06-25 22:56:06.433655 | Epoch [44/50], Loss: 1.2144, Accuracy: 87.22%
2025-06-25 22:56:06.643007 | Epoch [45/50], Loss: 1.1492, Accuracy: 88.91%
2025-06-25 22:56:06.867858 | Epoch [46/50], Loss: 1.0845, Accuracy: 88.44%
2025-06-25 22:56:07.104091 | Epoch [47/50], Loss: 1.4459, Accuracy: 84.94%
2025-06-25 22:56:07.322385 | Epoch [48/50], Loss: 1.4328, Accuracy: 83.31%
2025-06-25 22:56:07.548403 | Epoch [49/50], Loss: 1.1253, Accuracy: 88.22%
2025-06-25 22:56:07.763259 | Epoch [50/50], Loss: 1.8335, Accuracy: 81.31%
2025-06-25 22:56:07.788649 | ๆจกๅ?ๅทฒไ?ๅญ?? ../captcha_model.pth
2025-06-25 22:57:07.681096 | ่ฎ??ๅฎ??๏ผ?
2025-06-25 23:13:21.881881 |  ๅผ?ๅง??็ป?...
2025-06-25 23:13:22.323817 | Epoch [1/50], Loss: 15.7659, Accuracy: 3.91%
2025-06-25 23:13:22.582900 | Epoch [2/50], Loss: 13.9325, Accuracy: 4.53%
2025-06-25 23:13:22.848944 | Epoch [3/50], Loss: 13.4486, Accuracy: 8.94%
2025-06-25 23:13:23.089011 | Epoch [4/50], Loss: 13.2034, Accuracy: 7.94%
2025-06-25 23:13:23.344006 | Epoch [5/50], Loss: 13.0939, Accuracy: 10.19%
2025-06-25 23:13:23.589755 | Epoch [6/50], Loss: 12.9242, Accuracy: 9.12%
2025-06-25 23:13:23.842829 | Epoch [7/50], Loss: 12.7540, Accuracy: 18.44%
2025-06-25 23:13:24.091933 | Epoch [8/50], Loss: 12.2962, Accuracy: 21.22%
2025-06-25 23:13:24.338932 | Epoch [9/50], Loss: 11.8818, Accuracy: 19.22%
2025-06-25 23:13:24.587056 | Epoch [10/50], Loss: 11.2404, Accuracy: 22.12%
2025-06-25 23:13:24.829108 | Epoch [11/50], Loss: 10.5210, Accuracy: 31.31%
2025-06-25 23:13:25.077147 | Epoch [12/50], Loss: 9.6710, Accuracy: 33.59%
2025-06-25 23:13:25.319921 | Epoch [13/50], Loss: 8.3945, Accuracy: 43.81%
2025-06-25 23:13:25.571838 | Epoch [14/50], Loss: 7.3110, Accuracy: 48.19%
2025-06-25 23:13:25.818099 | Epoch [15/50], Loss: 6.0976, Accuracy: 54.62%
2025-06-25 23:13:26.064039 | Epoch [16/50], Loss: 5.2718, Accuracy: 57.53%
2025-06-25 23:13:26.308940 | Epoch [17/50], Loss: 5.0917, Accuracy: 58.09%
2025-06-25 23:13:26.552572 | Epoch [18/50], Loss: 4.9412, Accuracy: 59.47%
2025-06-25 23:13:26.799689 | Epoch [19/50], Loss: 4.4176, Accuracy: 63.19%
2025-06-25 23:13:27.039151 | Epoch [20/50], Loss: 4.0415, Accuracy: 67.47%
2025-06-25 23:13:27.288850 | Epoch [21/50], Loss: 3.8113, Accuracy: 66.88%
2025-06-25 23:13:27.535319 | Epoch [22/50], Loss: 2.8414, Accuracy: 78.12%
2025-06-25 23:13:27.799449 | Epoch [23/50], Loss: 2.5379, Accuracy: 78.59%
2025-06-25 23:13:28.043934 | Epoch [24/50], Loss: 2.7727, Accuracy: 75.19%
2025-06-25 23:13:28.293797 | Epoch [25/50], Loss: 2.2495, Accuracy: 81.22%
2025-06-25 23:13:28.553386 | Epoch [26/50], Loss: 2.6172, Accuracy: 76.38%
2025-06-25 23:13:28.801455 | Epoch [27/50], Loss: 2.1066, Accuracy: 82.28%
2025-06-25 23:13:29.061725 | Epoch [28/50], Loss: 2.5450, Accuracy: 77.16%
2025-06-25 23:13:29.311108 | Epoch [29/50], Loss: 2.3659, Accuracy: 78.56%
2025-06-25 23:13:29.553352 | Epoch [30/50], Loss: 2.5376, Accuracy: 78.94%
2025-06-25 23:13:29.806145 | Epoch [31/50], Loss: 1.9088, Accuracy: 82.53%
2025-06-25 23:13:30.064120 | Epoch [32/50], Loss: 2.0935, Accuracy: 80.84%
2025-06-25 23:13:30.320840 | Epoch [33/50], Loss: 2.0898, Accuracy: 81.56%
2025-06-25 23:13:30.565191 | Epoch [34/50], Loss: 1.7743, Accuracy: 83.87%
2025-06-25 23:13:30.821873 | Epoch [35/50], Loss: 2.0709, Accuracy: 82.50%
2025-06-25 23:13:31.071405 | Epoch [36/50], Loss: 1.6704, Accuracy: 84.81%
2025-06-25 23:13:31.318181 | Epoch [37/50], Loss: 1.6132, Accuracy: 83.91%
2025-06-25 23:13:31.589231 | Epoch [38/50], Loss: 1.4129, Accuracy: 86.19%
2025-06-25 23:13:31.889081 | Epoch [39/50], Loss: 1.7048, Accuracy: 84.16%
2025-06-25 23:13:32.210406 | Epoch [40/50], Loss: 1.2500, Accuracy: 89.16%
2025-06-25 23:13:32.466892 | Epoch [41/50], Loss: 1.4277, Accuracy: 86.06%
2025-06-25 23:13:32.726817 | Epoch [42/50], Loss: 1.4316, Accuracy: 86.16%
2025-06-25 23:13:32.978865 | Epoch [43/50], Loss: 1.1887, Accuracy: 88.12%
2025-06-25 23:13:33.225621 | Epoch [44/50], Loss: 1.4638, Accuracy: 86.84%
2025-06-25 23:13:33.477175 | Epoch [45/50], Loss: 0.9959, Accuracy: 89.84%
2025-06-25 23:13:33.730734 | Epoch [46/50], Loss: 1.4126, Accuracy: 85.84%
2025-06-25 23:13:33.990952 | Epoch [47/50], Loss: 1.6573, Accuracy: 82.62%
2025-06-25 23:13:34.241973 | Epoch [48/50], Loss: 1.3620, Accuracy: 84.78%
2025-06-25 23:13:34.490024 | Epoch [49/50], Loss: 1.1446, Accuracy: 88.22%
2025-06-25 23:13:34.739009 | Epoch [50/50], Loss: 1.5581, Accuracy: 82.62%
2025-06-25 23:13:34.767099 | ๆจกๅ?ๅทฒไ?ๅญ?? ../captcha_model.pth
2025-06-25 23:13:40.876675 | ่ฎ??ๅฎ??๏ผ?
2025-06-26 11:58:14.207244 |  ๅผ?ๅง??็ป?...
2025-06-26 11:58:14.775291 | Epoch [1/50], Loss: 16.1554, Accuracy: 2.72%
2025-06-26 11:58:15.120468 | Epoch [2/50], Loss: 14.2907, Accuracy: 5.84%
2025-06-26 11:58:15.494160 | Epoch [3/50], Loss: 13.6846, Accuracy: 5.53%
2025-06-26 11:58:15.843611 | Epoch [4/50], Loss: 13.3566, Accuracy: 4.91%
2025-06-26 11:58:16.209286 | Epoch [5/50], Loss: 13.3050, Accuracy: 5.38%
2025-06-26 11:58:16.623785 | Epoch [6/50], Loss: 13.2100, Accuracy: 6.47%
2025-06-26 11:58:17.034219 | Epoch [7/50], Loss: 13.1014, Accuracy: 8.09%
2025-06-26 11:58:17.401611 | Epoch [8/50], Loss: 12.9970, Accuracy: 7.72%
2025-06-26 11:58:17.756967 | Epoch [9/50], Loss: 13.1828, Accuracy: 9.66%
2025-06-26 11:58:18.126202 | Epoch [10/50], Loss: 12.8603, Accuracy: 12.94%
2025-06-26 11:58:18.484964 | Epoch [11/50], Loss: 12.6771, Accuracy: 13.69%
2025-06-26 11:58:18.831135 | Epoch [12/50], Loss: 12.2542, Accuracy: 17.91%
2025-06-26 11:58:19.186662 | Epoch [13/50], Loss: 11.9523, Accuracy: 18.09%
2025-06-26 11:58:19.561973 | Epoch [14/50], Loss: 11.7185, Accuracy: 21.97%
2025-06-26 11:58:19.876845 | Epoch [15/50], Loss: 10.7965, Accuracy: 27.56%
2025-06-26 11:58:20.201518 | Epoch [16/50], Loss: 10.5033, Accuracy: 29.22%
2025-06-26 11:58:20.555850 | Epoch [17/50], Loss: 9.5894, Accuracy: 34.69%
2025-06-26 11:58:20.890407 | Epoch [18/50], Loss: 8.5184, Accuracy: 37.41%
2025-06-26 11:58:21.275683 | Epoch [19/50], Loss: 7.8558, Accuracy: 44.16%
2025-06-26 11:58:21.631231 | Epoch [20/50], Loss: 6.9197, Accuracy: 49.34%
2025-06-26 11:58:22.002956 | Epoch [21/50], Loss: 6.0385, Accuracy: 53.97%
2025-06-26 11:58:22.366901 | Epoch [22/50], Loss: 5.8672, Accuracy: 56.31%
2025-06-26 11:58:22.714666 | Epoch [23/50], Loss: 5.3171, Accuracy: 61.00%
2025-06-26 11:58:23.068273 | Epoch [24/50], Loss: 4.8557, Accuracy: 60.00%
2025-06-26 11:58:23.431879 | Epoch [25/50], Loss: 4.4809, Accuracy: 64.59%
2025-06-26 11:58:23.783060 | Epoch [26/50], Loss: 3.6374, Accuracy: 69.75%
2025-06-26 11:58:24.119778 | Epoch [27/50], Loss: 4.3424, Accuracy: 62.69%
2025-06-26 11:58:24.436005 | Epoch [28/50], Loss: 3.2737, Accuracy: 74.03%
2025-06-26 11:58:24.753409 | Epoch [29/50], Loss: 3.5960, Accuracy: 71.22%
2025-06-26 11:58:25.071504 | Epoch [30/50], Loss: 3.5080, Accuracy: 69.16%
2025-06-26 11:58:25.401020 | Epoch [31/50], Loss: 3.1169, Accuracy: 72.84%
2025-06-26 11:58:25.721120 | Epoch [32/50], Loss: 2.5496, Accuracy: 80.09%
2025-06-26 11:58:26.050782 | Epoch [33/50], Loss: 2.5633, Accuracy: 78.28%
2025-06-26 11:58:26.397256 | Epoch [34/50], Loss: 2.3687, Accuracy: 80.12%
2025-06-26 11:58:26.733524 | Epoch [35/50], Loss: 2.2169, Accuracy: 79.12%
2025-06-26 11:58:27.089069 | Epoch [36/50], Loss: 2.6548, Accuracy: 78.09%
2025-06-26 11:58:27.452543 | Epoch [37/50], Loss: 1.9895, Accuracy: 84.06%
2025-06-26 11:58:27.826200 | Epoch [38/50], Loss: 2.0630, Accuracy: 80.91%
2025-06-26 11:58:28.145208 | Epoch [39/50], Loss: 2.1760, Accuracy: 80.62%
2025-06-26 11:58:28.499232 | Epoch [40/50], Loss: 2.2260, Accuracy: 81.69%
2025-06-26 11:58:28.850503 | Epoch [41/50], Loss: 1.9538, Accuracy: 83.03%
2025-06-26 11:58:29.179449 | Epoch [42/50], Loss: 2.6486, Accuracy: 74.88%
2025-06-26 11:58:29.519791 | Epoch [43/50], Loss: 2.2048, Accuracy: 78.56%
2025-06-26 11:58:29.876591 | Epoch [44/50], Loss: 1.9520, Accuracy: 80.88%
2025-06-26 11:58:30.210400 | Epoch [45/50], Loss: 1.7535, Accuracy: 86.25%
2025-06-26 11:58:30.553147 | Epoch [46/50], Loss: 1.6894, Accuracy: 85.97%
2025-06-26 11:58:30.885799 | Epoch [47/50], Loss: 1.9266, Accuracy: 84.22%
2025-06-26 11:58:31.207589 | Epoch [48/50], Loss: 1.5940, Accuracy: 82.88%
2025-06-26 11:58:31.522385 | Epoch [49/50], Loss: 1.5833, Accuracy: 83.81%
2025-06-26 11:58:31.853540 | Epoch [50/50], Loss: 1.3320, Accuracy: 88.69%
2025-06-26 11:58:31.896159 | ๆจกๅ?ๅทฒไ?ๅญ?? ../captcha_model.pth
2025-06-26 11:58:46.005143 | ่ฎ??ๅฎ??๏ผ?
2025-06-26 16:01:48.229394 |  ๅผๅง่ฎญ็ป...
2025-06-26 16:01:48.794016 | Epoch [1/50], Loss: 15.8969, Accuracy: 3.19%
2025-06-26 16:01:49.083137 | Epoch [2/50], Loss: 14.2529, Accuracy: 4.69%
2025-06-26 16:01:49.370219 | Epoch [3/50], Loss: 13.8062, Accuracy: 5.31%
2025-06-26 16:01:49.657393 | Epoch [4/50], Loss: 13.3461, Accuracy: 6.31%
2025-06-26 16:01:49.939182 | Epoch [5/50], Loss: 13.2564, Accuracy: 7.94%
2025-06-26 16:01:50.222751 | Epoch [6/50], Loss: 12.9860, Accuracy: 9.66%
2025-06-26 16:01:50.496525 | Epoch [7/50], Loss: 12.8030, Accuracy: 12.22%
2025-06-26 16:01:50.792230 | Epoch [8/50], Loss: 12.1757, Accuracy: 16.66%
2025-06-26 16:01:51.092569 | Epoch [9/50], Loss: 11.6992, Accuracy: 19.56%
2025-06-26 16:01:51.408269 | Epoch [10/50], Loss: 10.8692, Accuracy: 29.50%
2025-06-26 16:01:51.745882 | Epoch [11/50], Loss: 9.6341, Accuracy: 36.69%
2025-06-26 16:01:52.082915 | Epoch [12/50], Loss: 8.2558, Accuracy: 44.50%
2025-06-26 16:01:52.400347 | Epoch [13/50], Loss: 7.6310, Accuracy: 45.19%
2025-06-26 16:01:52.726597 | Epoch [14/50], Loss: 6.6562, Accuracy: 49.91%
2025-06-26 16:01:53.053647 | Epoch [15/50], Loss: 5.5801, Accuracy: 54.59%
2025-06-26 16:01:53.399617 | Epoch [16/50], Loss: 5.2085, Accuracy: 57.16%
2025-06-26 16:01:53.738467 | Epoch [17/50], Loss: 4.7310, Accuracy: 63.88%
2025-06-26 16:01:54.113214 | Epoch [18/50], Loss: 3.9870, Accuracy: 69.06%
2025-06-26 16:01:54.454377 | Epoch [19/50], Loss: 3.8896, Accuracy: 67.62%
2025-06-26 16:01:54.770395 | Epoch [20/50], Loss: 3.4952, Accuracy: 69.03%
2025-06-26 16:01:55.093276 | Epoch [21/50], Loss: 3.3641, Accuracy: 74.63%
2025-06-26 16:01:55.415489 | Epoch [22/50], Loss: 2.6786, Accuracy: 76.91%
2025-06-26 16:01:55.740510 | Epoch [23/50], Loss: 2.7065, Accuracy: 75.34%
2025-06-26 16:01:56.069248 | Epoch [24/50], Loss: 2.6190, Accuracy: 77.97%
2025-06-26 16:01:56.394110 | Epoch [25/50], Loss: 2.0018, Accuracy: 82.50%
2025-06-26 16:01:56.716720 | Epoch [26/50], Loss: 2.3269, Accuracy: 81.47%
2025-06-26 16:01:57.044443 | Epoch [27/50], Loss: 1.8417, Accuracy: 85.88%
2025-06-26 16:01:57.385722 | Epoch [28/50], Loss: 1.6536, Accuracy: 84.94%
2025-06-26 16:01:57.707007 | Epoch [29/50], Loss: 1.7941, Accuracy: 83.81%
2025-06-26 16:01:58.040639 | Epoch [30/50], Loss: 1.6900, Accuracy: 85.34%
2025-06-26 16:01:58.379587 | Epoch [31/50], Loss: 1.8920, Accuracy: 83.66%
2025-06-26 16:01:58.722625 | Epoch [32/50], Loss: 1.7193, Accuracy: 84.44%
2025-06-26 16:01:59.078329 | Epoch [33/50], Loss: 1.2437, Accuracy: 87.66%
2025-06-26 16:01:59.418200 | Epoch [34/50], Loss: 1.6807, Accuracy: 83.97%
2025-06-26 16:01:59.744943 | Epoch [35/50], Loss: 1.6724, Accuracy: 83.00%
2025-06-26 16:02:00.072127 | Epoch [36/50], Loss: 1.2464, Accuracy: 88.12%
2025-06-26 16:02:00.408977 | Epoch [37/50], Loss: 1.6173, Accuracy: 84.69%
2025-06-26 16:02:00.772712 | Epoch [38/50], Loss: 1.3646, Accuracy: 86.00%
2025-06-26 16:02:01.124456 | Epoch [39/50], Loss: 1.6803, Accuracy: 84.75%
2025-06-26 16:02:01.468388 | Epoch [40/50], Loss: 1.3239, Accuracy: 84.28%
2025-06-26 16:02:01.801657 | Epoch [41/50], Loss: 1.3568, Accuracy: 86.28%
2025-06-26 16:02:02.134995 | Epoch [42/50], Loss: 2.2512, Accuracy: 78.78%
2025-06-26 16:02:02.460454 | Epoch [43/50], Loss: 1.1939, Accuracy: 88.38%
2025-06-26 16:02:02.795429 | Epoch [44/50], Loss: 1.7490, Accuracy: 83.00%
2025-06-26 16:02:03.130800 | Epoch [45/50], Loss: 1.2607, Accuracy: 89.53%
2025-06-26 16:02:03.460217 | Epoch [46/50], Loss: 1.2329, Accuracy: 88.06%
2025-06-26 16:02:03.828246 | Epoch [47/50], Loss: 1.2032, Accuracy: 88.16%
2025-06-26 16:02:04.155861 | Epoch [48/50], Loss: 1.3548, Accuracy: 86.47%
2025-06-26 16:02:04.493157 | Epoch [49/50], Loss: 0.9955, Accuracy: 90.31%
2025-06-26 16:02:04.824778 | Epoch [50/50], Loss: 0.9836, Accuracy: 89.53%
2025-06-26 16:02:04.866456 | ๆจกๅๅทฒไฟๅญ่ณ ../captcha_model.pth
2025-06-26 16:02:09.804513 | ่ฎญ็ปๅฎๆ๏ผ
2025-06-27 00:03:20.661359 |  ๅผๅง่ฎญ็ป...
2025-06-27 00:03:21.086448 | Epoch [1/50], Loss: 15.6074, Accuracy: 3.34%
2025-06-27 00:03:21.315434 | Epoch [2/50], Loss: 14.1410, Accuracy: 5.38%
2025-06-27 00:03:21.531544 | Epoch [3/50], Loss: 13.6127, Accuracy: 6.94%
2025-06-27 00:03:21.754221 | Epoch [4/50], Loss: 13.2517, Accuracy: 6.56%
2025-06-27 00:03:21.976925 | Epoch [5/50], Loss: 13.1510, Accuracy: 9.44%
2025-06-27 00:03:22.213480 | Epoch [6/50], Loss: 12.8840, Accuracy: 11.16%
2025-06-27 00:03:22.436104 | Epoch [7/50], Loss: 12.5300, Accuracy: 16.97%
2025-06-27 00:03:22.691603 | Epoch [8/50], Loss: 11.8329, Accuracy: 20.72%
2025-06-27 00:03:22.942817 | Epoch [9/50], Loss: 11.1469, Accuracy: 27.56%
2025-06-27 00:03:23.190665 | Epoch [10/50], Loss: 10.2503, Accuracy: 32.72%
2025-06-27 00:03:23.428091 | Epoch [11/50], Loss: 9.2891, Accuracy: 35.69%
2025-06-27 00:03:23.650453 | Epoch [12/50], Loss: 8.1778, Accuracy: 43.03%
2025-06-27 00:03:23.874127 | Epoch [13/50], Loss: 7.0470, Accuracy: 49.00%
2025-06-27 00:03:24.098514 | Epoch [14/50], Loss: 6.6181, Accuracy: 51.00%
2025-06-27 00:03:24.315684 | Epoch [15/50], Loss: 6.1271, Accuracy: 50.28%
2025-06-27 00:03:24.542202 | Epoch [16/50], Loss: 4.8361, Accuracy: 63.03%
2025-06-27 00:03:24.760418 | Epoch [17/50], Loss: 5.0135, Accuracy: 59.53%
2025-06-27 00:03:24.985369 | Epoch [18/50], Loss: 4.4018, Accuracy: 63.72%
2025-06-27 00:03:25.205306 | Epoch [19/50], Loss: 3.7856, Accuracy: 68.22%
2025-06-27 00:03:25.421251 | Epoch [20/50], Loss: 3.5887, Accuracy: 68.47%
2025-06-27 00:03:25.637948 | Epoch [21/50], Loss: 3.2772, Accuracy: 73.19%
2025-06-27 00:03:25.856841 | Epoch [22/50], Loss: 3.0539, Accuracy: 74.91%
2025-06-27 00:03:26.073970 | Epoch [23/50], Loss: 2.7292, Accuracy: 77.16%
2025-06-27 00:03:26.295290 | Epoch [24/50], Loss: 2.7055, Accuracy: 78.66%
2025-06-27 00:03:26.515335 | Epoch [25/50], Loss: 2.2171, Accuracy: 81.12%
2025-06-27 00:03:26.734158 | Epoch [26/50], Loss: 2.1257, Accuracy: 81.19%
2025-06-27 00:03:26.959398 | Epoch [27/50], Loss: 1.9916, Accuracy: 83.38%
2025-06-27 00:03:27.177564 | Epoch [28/50], Loss: 2.2708, Accuracy: 79.31%
2025-06-27 00:03:27.397344 | Epoch [29/50], Loss: 2.2091, Accuracy: 80.75%
2025-06-27 00:03:27.622295 | Epoch [30/50], Loss: 2.0130, Accuracy: 80.78%
2025-06-27 00:03:27.839324 | Epoch [31/50], Loss: 2.2854, Accuracy: 79.41%
2025-06-27 00:03:28.056299 | Epoch [32/50], Loss: 1.9213, Accuracy: 83.56%
2025-06-27 00:03:28.276523 | Epoch [33/50], Loss: 1.8482, Accuracy: 81.41%
2025-06-27 00:03:28.499840 | Epoch [34/50], Loss: 1.4550, Accuracy: 85.00%
2025-06-27 00:03:28.718161 | Epoch [35/50], Loss: 2.2830, Accuracy: 75.19%
2025-06-27 00:03:28.958437 | Epoch [36/50], Loss: 1.8911, Accuracy: 79.34%
2025-06-27 00:03:29.178442 | Epoch [37/50], Loss: 1.5941, Accuracy: 85.34%
2025-06-27 00:03:29.406859 | Epoch [38/50], Loss: 1.4136, Accuracy: 85.28%
2025-06-27 00:03:29.627725 | Epoch [39/50], Loss: 1.4092, Accuracy: 88.06%
2025-06-27 00:03:29.855444 | Epoch [40/50], Loss: 1.5884, Accuracy: 83.75%
2025-06-27 00:03:30.075183 | Epoch [41/50], Loss: 1.8643, Accuracy: 82.44%
2025-06-27 00:03:30.302107 | Epoch [42/50], Loss: 1.4781, Accuracy: 85.75%
2025-06-27 00:03:30.522311 | Epoch [43/50], Loss: 1.4315, Accuracy: 84.97%
2025-06-27 00:03:30.742469 | Epoch [44/50], Loss: 1.5905, Accuracy: 84.28%
2025-06-27 00:03:30.969563 | Epoch [45/50], Loss: 1.2905, Accuracy: 86.75%
2025-06-27 00:03:31.190775 | Epoch [46/50], Loss: 1.5098, Accuracy: 81.22%
2025-06-27 00:03:31.414614 | Epoch [47/50], Loss: 1.3260, Accuracy: 87.59%
2025-06-27 00:03:31.647000 | Epoch [48/50], Loss: 1.8499, Accuracy: 86.84%
2025-06-27 00:03:31.875262 | Epoch [49/50], Loss: 1.7949, Accuracy: 82.53%
2025-06-27 00:03:32.094379 | Epoch [50/50], Loss: 1.3432, Accuracy: 84.59%
2025-06-27 00:03:32.118489 | ๆจกๅๅทฒไฟๅญ่ณ ../captcha_model.pth
2025-06-27 00:04:15.398835 | ่ฎญ็ปๅฎๆ๏ผ
